<?xml version="1.0" encoding="UTF-8"?>
<testsuite name="bean.MyBeanTest" tests="2" skipped="0" failures="0" errors="0" timestamp="2016-05-22T13:23:08" hostname="Oxana" time="0.079">
  <properties/>
  <testcase name="testAddNumbers" classname="bean.MyBeanTest" time="0.077"/>
  <testcase name="testInsert" classname="bean.MyBeanTest" time="0.001"/>
  <system-out><![CDATA[PlainTextActionReporterSUCCESSDescription: deploy AdminCommandApplication deployed with name main.
    [name=main
addNumbers
insert
PlainTextActionReporterSUCCESSNo monitoring data to report.
]]></system-out>
  <system-err><![CDATA[мая 22, 2016 4:22:52 PM org.glassfish.ejb.embedded.EJBContainerProviderImpl getValidFile
SEVERE: EJB6004:Specified application server installation location [C:\Users\Oxana\.gradle\caches\modules-2\files-2.1\org.glassfish.extras\glassfish-embedded-all\3.2-b06\domains\domain1] does not exist.
мая 22, 2016 4:22:55 PM com.sun.enterprise.v3.services.impl.GrizzlyService createNetworkProxy
INFO: Network listener http-listener on port 0 disabled per domain.xml
мая 22, 2016 4:22:55 PM com.sun.enterprise.v3.services.impl.GrizzlyService createNetworkProxy
INFO: Network listener https-listener on port 0 disabled per domain.xml
мая 22, 2016 4:22:55 PM com.sun.enterprise.v3.server.AppServerStartup run
INFO: GlassFish Server Open Source Edition 3.2-b06 (java_re-private) startup time : Embedded (1 406ms), startup services(801ms), total(2 207ms)
мая 22, 2016 4:22:55 PM org.glassfish.admin.mbeanserver.JMXStartupService$JMXConnectorsStarterThread run
INFO: JMX006: JMXStartupService had disabled JMXConnector system
мая 22, 2016 4:22:56 PM org.glassfish.ejb.embedded.EJBContainerProviderImpl skipJar
INFO: ... skipping entry with a Manifest file with a special attribute: glassfish-embedded-all-3.2-b06.jar
мая 22, 2016 4:22:56 PM org.glassfish.ejb.embedded.DeploymentElement getOrCreateApplication
INFO: [DeploymentElement] adding EJB module to ScatteredArchive main
мая 22, 2016 4:22:56 PM org.glassfish.ejb.embedded.DeploymentElement getOrCreateApplication
INFO: [DeploymentElement] adding library to ScatteredArchive junit-4.11.jar
мая 22, 2016 4:22:56 PM org.glassfish.ejb.embedded.DeploymentElement getOrCreateApplication
INFO: [DeploymentElement] adding library to ScatteredArchive main
мая 22, 2016 4:22:56 PM org.glassfish.ejb.embedded.DeploymentElement getOrCreateApplication
INFO: [DeploymentElement] adding library to ScatteredArchive jsr250-api-1.0.jar
мая 22, 2016 4:22:56 PM org.glassfish.ejb.embedded.DeploymentElement getOrCreateApplication
INFO: [DeploymentElement] adding library to ScatteredArchive hamcrest-core-1.3.jar
мая 22, 2016 4:22:56 PM org.glassfish.ejb.embedded.DeploymentElement getOrCreateApplication
INFO: [DeploymentElement] adding library to ScatteredArchive persistence-api-1.0.2.jar
мая 22, 2016 4:22:56 PM org.glassfish.ejb.embedded.DeploymentElement getOrCreateApplication
INFO: [DeploymentElement] adding library to ScatteredArchive javax.ejb-api-3.2.jar
мая 22, 2016 4:22:56 PM org.glassfish.ejb.embedded.DeploymentElement getOrCreateApplication
INFO: [DeploymentElement] adding library to ScatteredArchive test
мая 22, 2016 4:22:56 PM org.glassfish.ejb.embedded.DeploymentElement getOrCreateApplication
INFO: [DeploymentElement] adding library to ScatteredArchive validation-api-1.1.0.Final.jar
мая 22, 2016 4:22:56 PM org.glassfish.ejb.embedded.DeploymentElement getOrCreateApplication
INFO: [DeploymentElement] adding library to ScatteredArchive test
мая 22, 2016 4:22:56 PM org.glassfish.ejb.embedded.DeploymentElement getOrCreateApplication
INFO: [DeploymentElement] adding library to ScatteredArchive javax.transaction-api-1.2.jar
мая 22, 2016 4:22:56 PM org.glassfish.ejb.embedded.EJBContainerImpl deploy
INFO: [EJBContainerImpl] Deploying app: org.glassfish.embeddable.archive.ScatteredArchive@3dc4543b
мая 22, 2016 4:22:59 PM org.hibernate.validator.util.Version <clinit>
INFO: Hibernate Validator null
мая 22, 2016 4:22:59 PM org.hibernate.validator.engine.resolver.DefaultTraversableResolver detectJPA
INFO: Instantiated an instance of org.hibernate.validator.engine.resolver.JPATraversableResolver.
мая 22, 2016 4:23:03 PM com.sun.enterprise.security.SecurityLifecycle <init>
INFO: SEC1002: Security Manager is OFF.
мая 22, 2016 4:23:04 PM com.sun.enterprise.security.ssl.impl.SecuritySupportImpl checkCertificateDates
SEVERE: SEC5054: Certificate has expired: [
[
  Version: V3
  Subject: CN=GTE CyberTrust Root 5, OU="GTE CyberTrust Solutions, Inc.", O=GTE Corporation, C=US
  Signature Algorithm: SHA1withRSA, OID = 1.2.840.113549.1.1.5

  Key:  Sun RSA public key, 2048 bits
  modulus: 23741889829347261660812437366387754385443431973861114865490414153884050331745811968523116847625570146592736935209718565296053386842135985534863157983128812774162998053673746470782252407673402238146869994438729551246768368782318393878374421033907597162218758024581735139682087126982809511479059100617027892880227587855877479432885604404402435662802390484099065871430585284534529627347717530352189612077130606642676951640071336717026459037542552927905851171460589361570392199748753414855675665635003335769915908187224347232807336022456537328962095005323382940080676931822787496212635993279098588863972868266229522169377
  public exponent: 65537
  Validity: [From: Fri Aug 14 17:50:00 EEST 1998,
               To: Thu Aug 15 02:59:00 EEST 2013]
  Issuer: CN=GTE CyberTrust Root 5, OU="GTE CyberTrust Solutions, Inc.", O=GTE Corporation, C=US
  SerialNumber: [    01b6]

Certificate Extensions: 4
[1]: ObjectId: 2.5.29.19 Criticality=true
BasicConstraints:[
  CA:true
  PathLen:5
]

[2]: ObjectId: 2.5.29.32 Criticality=false
CertificatePolicies [
  [CertificatePolicyId: [1.2.840.113763.1.2.1.3]
[]  ]
]

[3]: ObjectId: 2.5.29.15 Criticality=true
KeyUsage [
  Key_CertSign
  Crl_Sign
]

[4]: ObjectId: 2.5.29.14 Criticality=false
SubjectKeyIdentifier [
KeyIdentifier [
0000: 76 0A 49 21 38 4C 9F DE   F8 C4 49 C7 71 71 91 9D  v.I!8L....I.qq..
]
]

]
  Algorithm: [SHA1withRSA]
  Signature:
0000: 41 3A D4 18 5B DA B8 DE   21 1C E1 8E 09 E5 F1 68  A:..[...!......h
0010: 34 FF DE 96 F4 07 F5 A7   3C F3 AC 4A B1 9B FA 92  4.......<..J....
0020: FA 9B ED E6 32 21 AA 4A   76 C5 DC 4F 38 E5 DF D5  ....2!.Jv..O8...
0030: 86 E4 D5 C8 76 7D 98 D7   B1 CD 8F 4D B5 91 23 6C  ....v......M..#l
0040: 8B 8A EB EA 7C EF 14 94   C4 C6 F0 1F 4A 2D 32 71  ............J-2q
0050: 63 2B 63 91 26 02 09 B6   80 1D ED E2 CC B8 7F DB  c+c.&...........
0060: 87 63 C8 E1 D0 6C 26 B1   35 1D 40 66 10 1B CD 95  .c...l&.5.@f....
0070: 54 18 33 61 EC 13 4F DA   13 F7 99 AF 3E D0 CF 8E  T.3a..O.....>...
0080: A6 72 A2 B3 C3 05 9A C9   27 7D 92 CC 7E 52 8D B3  .r......'....R..
0090: AB 70 6D 9E 89 9F 4D EB   1A 75 C2 98 AA D5 02 16  .pm...M..u......
00A0: D7 0C 8A BF 25 E4 EB 2D   BC 98 E9 58 38 19 7C B9  ....%..-...X8...
00B0: 37 FE DB E2 99 08 73 06   C7 97 83 6A 7D 10 01 2F  7.....s....j.../
00C0: 32 B9 17 05 4A 65 E6 2F   CE BE 5E 53 A6 82 E9 9A  2...Je./..^S....
00D0: 53 0A 84 74 2D 83 CA C8   94 16 76 5F 94 61 28 F0  S..t-.....v_.a(.
00E0: 85 A7 39 BB D7 8B D9 A8   B2 13 1D 54 09 34 24 7D  ..9........T.4$.
00F0: 20 81 7D 66 7E A2 90 74   5C 10 C6 BD EC AB 1B C2   ..f...t\.......

]
мая 22, 2016 4:23:04 PM com.sun.enterprise.security.SecurityLifecycle onInitialization
INFO: SEC1010: Entering Security Startup Service
мая 22, 2016 4:23:04 PM com.sun.enterprise.security.PolicyLoader loadPolicy
INFO: SEC1143: Loading policy provider com.sun.enterprise.security.jacc.provider.SimplePolicyProvider.
мая 22, 2016 4:23:04 PM com.sun.enterprise.security.auth.realm.Realm doInstantiate
INFO: SEC1115: Realm [admin-realm] of classtype [com.sun.enterprise.security.auth.realm.file.FileRealm] successfully created.
мая 22, 2016 4:23:04 PM com.sun.enterprise.security.auth.realm.Realm doInstantiate
INFO: SEC1115: Realm [file] of classtype [com.sun.enterprise.security.auth.realm.file.FileRealm] successfully created.
мая 22, 2016 4:23:04 PM com.sun.enterprise.security.auth.realm.Realm doInstantiate
INFO: SEC1115: Realm [certificate] of classtype [com.sun.enterprise.security.auth.realm.certificate.CertificateRealm] successfully created.
мая 22, 2016 4:23:04 PM com.sun.enterprise.security.SecurityLifecycle onInitialization
INFO: SEC1011: Security Service(s) Started Successfully
мая 22, 2016 4:23:08 PM com.sun.ejb.containers.BaseContainer initializeHome
INFO: EJB5181:Portable JNDI names for EJB MyBean: [java:global/main/MyBean!bean.MyBean, java:global/main/MyBean]
мая 22, 2016 4:23:08 PM org.glassfish.deployment.admin.DeployCommand execute
INFO: main was successfully deployed in 11 319 milliseconds.
мая 22, 2016 4:23:12 PM org.glassfish.admin.mbeanserver.JMXStartupService shutdown
INFO: JMX001: JMXStartupService and JMXConnectors have been shut down.
мая 22, 2016 4:23:12 PM com.sun.enterprise.v3.server.AppServerStartup stop
INFO: Shutdown procedure finished
мая 22, 2016 4:23:12 PM AppServerStartup run
INFO: [Thread[GlassFish Kernel Main Thread,5,main]] exiting
]]></system-err>
</testsuite>
